[0mCompiling "target/android/not-used.js" from ["src" "env/dev"]...
notifying browser that file changed:  target/android/goog/deps.js
notifying browser that file changed:  target/android/cljs_deps.js
notifying browser that file changed:  out/me_time/views/react_native/task.js
[32mSuccessfully compiled "target/android/not-used.js" in 0.35 seconds.[0m
[0mCompiling "target/android/not-used.js" from ["src" "env/dev"]...
notifying browser that file changed:  out/me_time/views/react_native/task.js
[32mSuccessfully compiled "target/android/not-used.js" in 0.297 seconds.[0m
[0mCompiling "target/android/not-used.js" from ["src" "env/dev"]...
notifying browser that file changed:  out/me_time/views/react_native/task.js
[32mSuccessfully compiled "target/android/not-used.js" in 0.256 seconds.[0m
[0mCompiling "target/android/not-used.js" from ["src" "env/dev"]...
notifying browser that file changed:  out/me_time/views/react_native/task.js
[32mSuccessfully compiled "target/android/not-used.js" in 0.237 seconds.[0m
[0mCompiling "target/android/not-used.js" from ["src" "env/dev"]...
notifying browser that file changed:  out/me_time/views/react_native/task.js
[32mSuccessfully compiled "target/android/not-used.js" in 0.375 seconds.[0m
[0mCompiling "target/android/not-used.js" from ["src" "env/dev"]...
notifying browser that file changed:  out/me_time/views/react_native/task.js
[32mSuccessfully compiled "target/android/not-used.js" in 0.389 seconds.[0m
[0mCompiling "target/android/not-used.js" from ["src" "env/dev"]...
notifying browser that file changed:  out/me_time/views/react_native/task.js
[32mSuccessfully compiled "target/android/not-used.js" in 0.286 seconds.[0m
[0mCompiling "target/android/not-used.js" from ["src" "env/dev"]...
notifying browser that file changed:  out/me_time/views/react_native/task.js
[32mSuccessfully compiled "target/android/not-used.js" in 0.296 seconds.[0m
[0mCompiling "target/android/not-used.js" from ["src" "env/dev"]...
notifying browser that file changed:  out/me_time/views/react_native/task.js
[32mSuccessfully compiled "target/android/not-used.js" in 0.35 seconds.[0m
[0mCompiling "target/android/not-used.js" from ["src" "env/dev"]...
notifying browser that file changed:  out/me_time/views/react_native/task.js
[32mSuccessfully compiled "target/android/not-used.js" in 0.313 seconds.[0m
[0mCompiling "target/android/not-used.js" from ["src" "env/dev"]...
notifying browser that file changed:  out/me_time/views/react_native/task.js
[32mSuccessfully compiled "target/android/not-used.js" in 0.445 seconds.[0m
[0mCompiling "target/android/not-used.js" from ["src" "env/dev"]...
notifying browser that file changed:  out/me_time/views/react_native/task.js
[32mSuccessfully compiled "target/android/not-used.js" in 0.376 seconds.[0m
[0mCompiling "target/android/not-used.js" from ["src" "env/dev"]...
notifying browser that file changed:  out/me_time/views/react_native/task.js
[32mSuccessfully compiled "target/android/not-used.js" in 0.386 seconds.[0m
[0mCompiling "target/android/not-used.js" from ["src" "env/dev"]...
notifying browser that file changed:  out/me_time/views/react_native/task.js
[32mSuccessfully compiled "target/android/not-used.js" in 0.365 seconds.[0m
[0mCompiling "target/android/not-used.js" from ["src" "env/dev"]...
notifying browser that file changed:  out/me_time/views/react_native/task.js
[32mSuccessfully compiled "target/android/not-used.js" in 0.348 seconds.[0m
[0mCompiling "target/android/not-used.js" from ["src" "env/dev"]...
notifying browser that file changed:  out/me_time/views/react_native/task.js
[32mSuccessfully compiled "target/android/not-used.js" in 0.364 seconds.[0m
[0mCompiling "target/android/not-used.js" from ["src" "env/dev"]...
notifying browser that file changed:  out/me_time/views/react_native/task.js
[32mSuccessfully compiled "target/android/not-used.js" in 0.375 seconds.[0m
[0mCompiling "target/android/not-used.js" from ["src" "env/dev"]...
notifying browser that file changed:  out/me_time/views/react_native/task.js
[32mSuccessfully compiled "target/android/not-used.js" in 0.23 seconds.[0m
[0mCompiling "target/android/not-used.js" from ["src" "env/dev"]...
notifying browser that file changed:  out/me_time/views/react_native/task.js
[32mSuccessfully compiled "target/android/not-used.js" in 0.407 seconds.[0m
[0mCompiling "target/android/not-used.js" from ["src" "env/dev"]...
notifying browser that file changed:  out/me_time/views/react_native/task.js
[32mSuccessfully compiled "target/android/not-used.js" in 0.383 seconds.[0m
[0mCompiling "target/android/not-used.js" from ["src" "env/dev"]...
notifying browser that file changed:  out/me_time/views/react_native/task.js
[32mSuccessfully compiled "target/android/not-used.js" in 0.219 seconds.[0m
[0mCompiling "target/android/not-used.js" from ["src" "env/dev"]...
notifying browser that file changed:  out/me_time/views/react_native/task.js
[32mSuccessfully compiled "target/android/not-used.js" in 0.445 seconds.[0m
[0mCompiling "target/android/not-used.js" from ["src" "env/dev"]...
notifying browser that file changed:  out/me_time/views/react_native/task.js
[32mSuccessfully compiled "target/android/not-used.js" in 0.318 seconds.[0m
[0mCompiling "target/android/not-used.js" from ["src" "env/dev"]...
notifying browser that file changed:  out/me_time/views/react_native/task.js
[32mSuccessfully compiled "target/android/not-used.js" in 0.307 seconds.[0m
[0mCompiling "target/android/not-used.js" from ["src" "env/dev"]...
notifying browser that file changed:  out/me_time/views/react_native/task.js
[32mSuccessfully compiled "target/android/not-used.js" in 0.261 seconds.[0m
[0mCompiling "target/android/not-used.js" from ["src" "env/dev"]...
notifying browser that file changed:  out/me_time/views/react_native/task.js
[32mSuccessfully compiled "target/android/not-used.js" in 0.347 seconds.[0m
[0mCompiling "target/android/not-used.js" from ["src" "env/dev"]...
notifying browser that file changed:  out/me_time/views/react_native/task.js
[32mSuccessfully compiled "target/android/not-used.js" in 0.353 seconds.[0m
[0mCompiling "target/android/not-used.js" from ["src" "env/dev"]...
notifying browser that file changed:  out/me_time/views/react_native/task.js
[32mSuccessfully compiled "target/android/not-used.js" in 0.306 seconds.[0m
[0mCompiling "target/android/not-used.js" from ["src" "env/dev"]...
notifying browser that file changed:  out/me_time/views/react_native/task.js
[32mSuccessfully compiled "target/android/not-used.js" in 0.391 seconds.[0m
[0mCompiling "target/android/not-used.js" from ["src" "env/dev"]...
notifying browser that file changed:  out/me_time/views/react_native/task.js
[32mSuccessfully compiled "target/android/not-used.js" in 0.355 seconds.[0m
[0mCompiling "target/android/not-used.js" from ["src" "env/dev"]...
notifying browser that file changed:  out/me_time/views/react_native/task.js
[32mSuccessfully compiled "target/android/not-used.js" in 0.368 seconds.[0m
[0mCompiling "target/android/not-used.js" from ["src" "env/dev"]...
notifying browser that file changed:  out/me_time/views/react_native/timer.js
[32mSuccessfully compiled "target/android/not-used.js" in 0.249 seconds.[0m
[0mCompiling "target/android/not-used.js" from ["src" "env/dev"]...
notifying browser that file changed:  out/me_time/views/react_native/task.js
[32mSuccessfully compiled "target/android/not-used.js" in 0.416 seconds.[0m
[0mCompiling "target/android/not-used.js" from ["src" "env/dev"]...
[31mCompiling "target/android/not-used.js" failed.
[0mERROR: Invalid token: :borderWidth: on file /Users/GT/work/re-natal-projects/me-time/src/me_time/views/react-native/task.cljs, line 23, column 28
[32mSuccessfully compiled "target/android/not-used.js" in 0.213 seconds.[0m
[0mCompiling "target/android/not-used.js" from ["src" "env/dev"]...
[31mCompiling "target/android/not-used.js" failed.
[0mERROR: Invalid token: :borderWidth: on file /Users/GT/work/re-natal-projects/me-time/src/me_time/views/react-native/task.cljs, line 23, column 28
[32mSuccessfully compiled "target/android/not-used.js" in 0.148 seconds.[0m
[0mCompiling "target/android/not-used.js" from ["src" "env/dev"]...
notifying browser that file changed:  out/me_time/views/react_native/task.js
[32mSuccessfully compiled "target/android/not-used.js" in 0.314 seconds.[0m
[0mCompiling "target/android/not-used.js" from ["src" "env/dev"]...
notifying browser that file changed:  out/me_time/views/react_native/task.js
[32mSuccessfully compiled "target/android/not-used.js" in 0.3 seconds.[0m
[0mCompiling "target/android/not-used.js" from ["src" "env/dev"]...
notifying browser that file changed:  out/me_time/views/react_native/task.js
[32mSuccessfully compiled "target/android/not-used.js" in 0.345 seconds.[0m
[0mCompiling "target/android/not-used.js" from ["src" "env/dev"]...
[31mCompiling "target/android/not-used.js" failed.
[0mERROR: Invalid token: :borderWidth: on file /Users/GT/work/re-natal-projects/me-time/src/me_time/views/react-native/task.cljs, line 24, column 28
[32mSuccessfully compiled "target/android/not-used.js" in 0.212 seconds.[0m
[0mCompiling "target/android/not-used.js" from ["src" "env/dev"]...
notifying browser that file changed:  out/me_time/views/react_native/task.js
[32mSuccessfully compiled "target/android/not-used.js" in 0.31 seconds.[0m
[0mCompiling "target/android/not-used.js" from ["src" "env/dev"]...
notifying browser that file changed:  out/me_time/views/react_native/task.js
[32mSuccessfully compiled "target/android/not-used.js" in 0.311 seconds.[0m
[0mCompiling "target/android/not-used.js" from ["src" "env/dev"]...
notifying browser that file changed:  out/me_time/views/react_native/task.js
[32mSuccessfully compiled "target/android/not-used.js" in 0.398 seconds.[0m
[0mCompiling "target/android/not-used.js" from ["src" "env/dev"]...
notifying browser that file changed:  out/me_time/views/react_native/task.js
[32mSuccessfully compiled "target/android/not-used.js" in 0.335 seconds.[0m
[0mCompiling "target/android/not-used.js" from ["src" "env/dev"]...
WARNING: Use of undeclared Var me-time.android.core/text-input at line 40 src/me_time/android/core.cljs
notifying browser that file changed:  out/me_time/android/core.js
[32mSuccessfully compiled "target/android/not-used.js" in 0.619 seconds.[0m
[0mCompiling "target/android/not-used.js" from ["src" "env/dev"]...
WARNING: Use of undeclared Var me-time.android.core/text-input at line 40 src/me_time/android/core.cljs
notifying browser that file changed:  out/me_time/android/core.js
[32mSuccessfully compiled "target/android/not-used.js" in 0.518 seconds.[0m
[0mCompiling "target/android/not-used.js" from ["src" "env/dev"]...
notifying browser that file changed:  out/me_time/android/core.js
[32mSuccessfully compiled "target/android/not-used.js" in 0.341 seconds.[0m
[0mCompiling "target/android/not-used.js" from ["src" "env/dev"]...
notifying browser that file changed:  out/me_time/android/core.js
[32mSuccessfully compiled "target/android/not-used.js" in 0.375 seconds.[0m
[0mCompiling "target/android/not-used.js" from ["src" "env/dev"]...
WARNING: Use of undeclared Var me-time.views.react-native.task-list/text-input at line 26 src/me_time/views/react-native/task-list.cljs
notifying browser that file changed:  out/me_time/views/react_native/task_list.js
[32mSuccessfully compiled "target/android/not-used.js" in 0.639 seconds.[0m
[0mCompiling "target/android/not-used.js" from ["src" "env/dev"]...
notifying browser that file changed:  out/me_time/android/core.js
[32mSuccessfully compiled "target/android/not-used.js" in 0.364 seconds.[0m
[0mCompiling "target/android/not-used.js" from ["src" "env/dev"]...
WARNING: Use of undeclared Var me-time.views.react-native.task-list/text-input at line 26 src/me_time/views/react-native/task-list.cljs
notifying browser that file changed:  out/me_time/views/react_native/task.js
[32mSuccessfully compiled "target/android/not-used.js" in 0.681 seconds.[0m
[0mCompiling "target/android/not-used.js" from ["src" "env/dev"]...
notifying browser that file changed:  out/me_time/views/react_native/task_list.js
[32mSuccessfully compiled "target/android/not-used.js" in 0.391 seconds.[0m
[0mCompiling "target/android/not-used.js" from ["src" "env/dev"]...
notifying browser that file changed:  out/me_time/views/react_native/task_list.js
[32mSuccessfully compiled "target/android/not-used.js" in 0.421 seconds.[0m
[0mCompiling "target/android/not-used.js" from ["src" "env/dev"]...
notifying browser that file changed:  out/me_time/views/react_native/task_list.js
[32mSuccessfully compiled "target/android/not-used.js" in 0.399 seconds.[0m
[0mCompiling "target/android/not-used.js" from ["src" "env/dev"]...
notifying browser that file changed:  out/me_time/views/react_native/task_list.js
[32mSuccessfully compiled "target/android/not-used.js" in 0.444 seconds.[0m
[0mCompiling "target/android/not-used.js" from ["src" "env/dev"]...
notifying browser that file changed:  out/me_time/views/react_native/task_list.js
[32mSuccessfully compiled "target/android/not-used.js" in 0.406 seconds.[0m
[0mCompiling "target/android/not-used.js" from ["src" "env/dev"]...
notifying browser that file changed:  out/me_time/views/react_native/task_list.js
[32mSuccessfully compiled "target/android/not-used.js" in 0.399 seconds.[0m
[0mCompiling "target/android/not-used.js" from ["src" "env/dev"]...
notifying browser that file changed:  out/me_time/views/react_native/task_list.js
[32mSuccessfully compiled "target/android/not-used.js" in 0.212 seconds.[0m
[0mCompiling "target/android/not-used.js" from ["src" "env/dev"]...
[31mCompiling "target/android/not-used.js" failed.
[0mERROR: Reader tag must be a symbol on file /Users/GT/work/re-natal-projects/me-time/src/me_time/views/react-native/task-list.cljs, line 55, column 43
[32mSuccessfully compiled "target/android/not-used.js" in 0.088 seconds.[0m
[0mCompiling "target/android/not-used.js" from ["src" "env/dev"]...
notifying browser that file changed:  out/me_time/views/react_native/task_list.js
[32mSuccessfully compiled "target/android/not-used.js" in 0.185 seconds.[0m
[0mCompiling "target/android/not-used.js" from ["src" "env/dev"]...
notifying browser that file changed:  out/me_time/views/react_native/task_list.js
[32mSuccessfully compiled "target/android/not-used.js" in 0.176 seconds.[0m
[0mCompiling "target/android/not-used.js" from ["src" "env/dev"]...
notifying browser that file changed:  out/me_time/views/react_native/task_list.js
[32mSuccessfully compiled "target/android/not-used.js" in 0.174 seconds.[0m
[0mCompiling "target/android/not-used.js" from ["src" "env/dev"]...
notifying browser that file changed:  out/me_time/views/react_native/task_list.js
[32mSuccessfully compiled "target/android/not-used.js" in 0.178 seconds.[0m
[0mCompiling "target/android/not-used.js" from ["src" "env/dev"]...
notifying browser that file changed:  out/me_time/views/react_native/task.js
[32mSuccessfully compiled "target/android/not-used.js" in 0.203 seconds.[0m
[0mCompiling "target/android/not-used.js" from ["src" "env/dev"]...
notifying browser that file changed:  out/me_time/views/react_native/task_list.js
[32mSuccessfully compiled "target/android/not-used.js" in 0.243 seconds.[0m
[0mCompiling "target/android/not-used.js" from ["src" "env/dev"]...
notifying browser that file changed:  out/me_time/views/react_native/task_list.js
[32mSuccessfully compiled "target/android/not-used.js" in 0.21 seconds.[0m
[0mCompiling "target/android/not-used.js" from ["src" "env/dev"]...
notifying browser that file changed:  out/me_time/views/react_native/task_list.js
[32mSuccessfully compiled "target/android/not-used.js" in 0.225 seconds.[0m
[0mCompiling "target/android/not-used.js" from ["src" "env/dev"]...
notifying browser that file changed:  out/me_time/views/react_native/task_list.js
[32mSuccessfully compiled "target/android/not-used.js" in 0.284 seconds.[0m
[0mCompiling "target/android/not-used.js" from ["src" "env/dev"]...
notifying browser that file changed:  out/me_time/views/react_native/task.js
[32mSuccessfully compiled "target/android/not-used.js" in 0.272 seconds.[0m
[0mCompiling "target/android/not-used.js" from ["src" "env/dev"]...
notifying browser that file changed:  out/me_time/views/react_native/task_list.js
[32mSuccessfully compiled "target/android/not-used.js" in 0.246 seconds.[0m
[0mCompiling "target/android/not-used.js" from ["src" "env/dev"]...
notifying browser that file changed:  out/me_time/views/react_native/task_list.js
[32mSuccessfully compiled "target/android/not-used.js" in 0.248 seconds.[0m
[0mCompiling "target/android/not-used.js" from ["src" "env/dev"]...
notifying browser that file changed:  out/me_time/views/react_native/task_list.js
[32mSuccessfully compiled "target/android/not-used.js" in 0.262 seconds.[0m
[0mCompiling "target/android/not-used.js" from ["src" "env/dev"]...
notifying browser that file changed:  out/me_time/views/react_native/task_list.js
[32mSuccessfully compiled "target/android/not-used.js" in 0.29 seconds.[0m
[0mCompiling "target/android/not-used.js" from ["src" "env/dev"]...
notifying browser that file changed:  out/me_time/views/react_native/task_list.js
[32mSuccessfully compiled "target/android/not-used.js" in 0.29 seconds.[0m
[0mCompiling "target/android/not-used.js" from ["src" "env/dev"]...
notifying browser that file changed:  out/me_time/views/react_native/task_list.js
[32mSuccessfully compiled "target/android/not-used.js" in 0.3 seconds.[0m
[0mCompiling "target/android/not-used.js" from ["src" "env/dev"]...
notifying browser that file changed:  out/me_time/views/react_native/task_list.js
[32mSuccessfully compiled "target/android/not-used.js" in 0.303 seconds.[0m
[0mCompiling "target/android/not-used.js" from ["src" "env/dev"]...
notifying browser that file changed:  out/me_time/views/react_native/task_list.js
[32mSuccessfully compiled "target/android/not-used.js" in 0.326 seconds.[0m
[0mCompiling "target/android/not-used.js" from ["src" "env/dev"]...
notifying browser that file changed:  out/me_time/views/react_native/task_list.js
[32mSuccessfully compiled "target/android/not-used.js" in 0.327 seconds.[0m
[0mCompiling "target/android/not-used.js" from ["src" "env/dev"]...
notifying browser that file changed:  out/me_time/views/react_native/task_list.js
[32mSuccessfully compiled "target/android/not-used.js" in 0.344 seconds.[0m
[0mCompiling "target/android/not-used.js" from ["src" "env/dev"]...
notifying browser that file changed:  out/me_time/views/react_native/task_list.js
[32mSuccessfully compiled "target/android/not-used.js" in 0.353 seconds.[0m
[0mCompiling "target/android/not-used.js" from ["src" "env/dev"]...
notifying browser that file changed:  out/me_time/views/react_native/task_list.js
[32mSuccessfully compiled "target/android/not-used.js" in 0.367 seconds.[0m
[0mCompiling "target/android/not-used.js" from ["src" "env/dev"]...
notifying browser that file changed:  out/me_time/views/react_native/task_list.js
[32mSuccessfully compiled "target/android/not-used.js" in 0.394 seconds.[0m
[0mCompiling "target/android/not-used.js" from ["src" "env/dev"]...
notifying browser that file changed:  out/me_time/views/react_native/task_list.js
[32mSuccessfully compiled "target/android/not-used.js" in 0.48 seconds.[0m
[0mCompiling "target/android/not-used.js" from ["src" "env/dev"]...
notifying browser that file changed:  out/me_time/views/react_native/task_list.js
[32mSuccessfully compiled "target/android/not-used.js" in 0.486 seconds.[0m
[0mCompiling "target/android/not-used.js" from ["src" "env/dev"]...
notifying browser that file changed:  out/me_time/views/react_native/task_list.js
[32mSuccessfully compiled "target/android/not-used.js" in 0.412 seconds.[0m
[0mCompiling "target/android/not-used.js" from ["src" "env/dev"]...
notifying browser that file changed:  out/me_time/views/react_native/task_list.js
[32mSuccessfully compiled "target/android/not-used.js" in 0.434 seconds.[0m
[0mCompiling "target/android/not-used.js" from ["src" "env/dev"]...
notifying browser that file changed:  out/me_time/views/react_native/task_list.js
[32mSuccessfully compiled "target/android/not-used.js" in 0.446 seconds.[0m
[0mCompiling "target/android/not-used.js" from ["src" "env/dev"]...
notifying browser that file changed:  out/me_time/views/react_native/task_list.js
[32mSuccessfully compiled "target/android/not-used.js" in 0.464 seconds.[0m
[0mCompiling "target/android/not-used.js" from ["src" "env/dev"]...
notifying browser that file changed:  out/me_time/views/react_native/task_list.js
[32mSuccessfully compiled "target/android/not-used.js" in 0.469 seconds.[0m
[0mCompiling "target/android/not-used.js" from ["src" "env/dev"]...
notifying browser that file changed:  out/me_time/views/react_native/task_list.js
[32mSuccessfully compiled "target/android/not-used.js" in 0.492 seconds.[0m
[0mCompiling "target/android/not-used.js" from ["src" "env/dev"]...
notifying browser that file changed:  out/me_time/views/react_native/task_list.js
[32mSuccessfully compiled "target/android/not-used.js" in 0.485 seconds.[0m
[0mCompiling "target/android/not-used.js" from ["src" "env/dev"]...
notifying browser that file changed:  out/me_time/views/react_native/task_list.js
[32mSuccessfully compiled "target/android/not-used.js" in 0.492 seconds.[0m
[0mCompiling "target/android/not-used.js" from ["src" "env/dev"]...
notifying browser that file changed:  out/me_time/views/react_native/task_list.js
[32mSuccessfully compiled "target/android/not-used.js" in 0.512 seconds.[0m
[0mCompiling "target/android/not-used.js" from ["src" "env/dev"]...
notifying browser that file changed:  out/me_time/views/react_native/task_list.js
[32mSuccessfully compiled "target/android/not-used.js" in 0.59 seconds.[0m
[0mCompiling "target/android/not-used.js" from ["src" "env/dev"]...
notifying browser that file changed:  out/me_time/views/react_native/task.js
[32mSuccessfully compiled "target/android/not-used.js" in 0.634 seconds.[0m
[0mCompiling "target/android/not-used.js" from ["src" "env/dev"]...
notifying browser that file changed:  out/me_time/views/react_native/task.js
[32mSuccessfully compiled "target/android/not-used.js" in 0.564 seconds.[0m
[0mCompiling "target/android/not-used.js" from ["src" "env/dev"]...
notifying browser that file changed:  out/me_time/views/react_native/task.js
[32mSuccessfully compiled "target/android/not-used.js" in 0.58 seconds.[0m
[0mCompiling "target/android/not-used.js" from ["src" "env/dev"]...
notifying browser that file changed:  out/me_time/views/react_native/task_list.js
[32mSuccessfully compiled "target/android/not-used.js" in 0.587 seconds.[0m
[0mCompiling "target/android/not-used.js" from ["src" "env/dev"]...
notifying browser that file changed:  out/me_time/views/react_native/task.js
[32mSuccessfully compiled "target/android/not-used.js" in 0.579 seconds.[0m
[0mCompiling "target/android/not-used.js" from ["src" "env/dev"]...
notifying browser that file changed:  out/me_time/views/react_native/task_list.js
[32mSuccessfully compiled "target/android/not-used.js" in 0.598 seconds.[0m
[0mCompiling "target/android/not-used.js" from ["src" "env/dev"]...
notifying browser that file changed:  out/me_time/views/react_native/task_list.js
[32mSuccessfully compiled "target/android/not-used.js" in 0.673 seconds.[0m
[0mCompiling "target/android/not-used.js" from ["src" "env/dev"]...
notifying browser that file changed:  out/me_time/views/react_native/task_list.js
[32mSuccessfully compiled "target/android/not-used.js" in 0.332 seconds.[0m
[0mCompiling "target/android/not-used.js" from ["src" "env/dev"]...
notifying browser that file changed:  out/me_time/views/react_native/task_list.js
[32mSuccessfully compiled "target/android/not-used.js" in 0.17 seconds.[0m
[0mCompiling "target/android/not-used.js" from ["src" "env/dev"]...
notifying browser that file changed:  out/me_time/views/react_native/task_list.js
[32mSuccessfully compiled "target/android/not-used.js" in 0.176 seconds.[0m
[0mCompiling "target/android/not-used.js" from ["src" "env/dev"]...
notifying browser that file changed:  out/me_time/views/react_native/task.js
[32mSuccessfully compiled "target/android/not-used.js" in 0.194 seconds.[0m
[0mCompiling "target/android/not-used.js" from ["src" "env/dev"]...
notifying browser that file changed:  out/me_time/views/react_native/task.js
[32mSuccessfully compiled "target/android/not-used.js" in 0.198 seconds.[0m
[0mCompiling "target/android/not-used.js" from ["src" "env/dev"]...
notifying browser that file changed:  out/me_time/views/react_native/task.js
[32mSuccessfully compiled "target/android/not-used.js" in 0.219 seconds.[0m
[0mCompiling "target/android/not-used.js" from ["src" "env/dev"]...
notifying browser that file changed:  out/me_time/views/react_native/task.js
[32mSuccessfully compiled "target/android/not-used.js" in 0.236 seconds.[0m
[0mCompiling "target/android/not-used.js" from ["src" "env/dev"]...
notifying browser that file changed:  out/me_time/views/react_native/task.js
[32mSuccessfully compiled "target/android/not-used.js" in 0.255 seconds.[0m
[0mCompiling "target/android/not-used.js" from ["src" "env/dev"]...
notifying browser that file changed:  out/me_time/views/react_native/task_list.js
[32mSuccessfully compiled "target/android/not-used.js" in 0.237 seconds.[0m
[0mCompiling "target/android/not-used.js" from ["src" "env/dev"]...
notifying browser that file changed:  out/me_time/views/react_native/task_list.js
[32mSuccessfully compiled "target/android/not-used.js" in 0.252 seconds.[0m
[0mCompiling "target/android/not-used.js" from ["src" "env/dev"]...
notifying browser that file changed:  out/me_time/views/react_native/task.js
[32mSuccessfully compiled "target/android/not-used.js" in 0.279 seconds.[0m
[0mCompiling "target/android/not-used.js" from ["src" "env/dev"]...
notifying browser that file changed:  out/me_time/views/react_native/task_list.js
[32mSuccessfully compiled "target/android/not-used.js" in 0.262 seconds.[0m
[0mCompiling "target/android/not-used.js" from ["src" "env/dev"]...
notifying browser that file changed:  out/me_time/views/react_native/task_list.js
[32mSuccessfully compiled "target/android/not-used.js" in 0.278 seconds.[0m
[0mCompiling "target/android/not-used.js" from ["src" "env/dev"]...
notifying browser that file changed:  out/me_time/views/react_native/task_list.js
[32mSuccessfully compiled "target/android/not-used.js" in 0.275 seconds.[0m
[0mCompiling "target/android/not-used.js" from ["src" "env/dev"]...
notifying browser that file changed:  out/me_time/views/react_native/task_list.js
[32mSuccessfully compiled "target/android/not-used.js" in 0.29 seconds.[0m
[0mCompiling "target/android/not-used.js" from ["src" "env/dev"]...
notifying browser that file changed:  out/me_time/views/react_native/task_list.js
[32mSuccessfully compiled "target/android/not-used.js" in 0.303 seconds.[0m
[0mCompiling "target/android/not-used.js" from ["src" "env/dev"]...
notifying browser that file changed:  out/me_time/views/react_native/task_list.js
[32mSuccessfully compiled "target/android/not-used.js" in 0.308 seconds.[0m
[0mCompiling "target/android/not-used.js" from ["src" "env/dev"]...
notifying browser that file changed:  out/me_time/views/react_native/task_list.js
[32mSuccessfully compiled "target/android/not-used.js" in 0.326 seconds.[0m
[0mCompiling "target/android/not-used.js" from ["src" "env/dev"]...
notifying browser that file changed:  out/me_time/views/react_native/task_list.js
[32mSuccessfully compiled "target/android/not-used.js" in 0.355 seconds.[0m
[0mCompiling "target/android/not-used.js" from ["src" "env/dev"]...
notifying browser that file changed:  out/me_time/views/react_native/task_list.js
[32mSuccessfully compiled "target/android/not-used.js" in 0.36 seconds.[0m
[0mCompiling "target/android/not-used.js" from ["src" "env/dev"]...
notifying browser that file changed:  out/me_time/views/react_native/task_list.js
[32mSuccessfully compiled "target/android/not-used.js" in 0.361 seconds.[0m
[0mCompiling "target/android/not-used.js" from ["src" "env/dev"]...
notifying browser that file changed:  out/me_time/views/react_native/task_list.js
[32mSuccessfully compiled "target/android/not-used.js" in 0.379 seconds.[0m
[0mCompiling "target/android/not-used.js" from ["src" "env/dev"]...
notifying browser that file changed:  out/me_time/views/react_native/task.js
[32mSuccessfully compiled "target/android/not-used.js" in 0.395 seconds.[0m
[0mCompiling "target/android/not-used.js" from ["src" "env/dev"]...
notifying browser that file changed:  out/me_time/views/react_native/task.js
[32mSuccessfully compiled "target/android/not-used.js" in 0.408 seconds.[0m
[0mCompiling "target/android/not-used.js" from ["src" "env/dev"]...
notifying browser that file changed:  out/me_time/views/react_native/task.js
[32mSuccessfully compiled "target/android/not-used.js" in 0.415 seconds.[0m
[0mCompiling "target/android/not-used.js" from ["src" "env/dev"]...
notifying browser that file changed:  out/me_time/views/react_native/task.js
[32mSuccessfully compiled "target/android/not-used.js" in 0.447 seconds.[0m
[0mCompiling "target/android/not-used.js" from ["src" "env/dev"]...
notifying browser that file changed:  out/me_time/views/react_native/task.js
[32mSuccessfully compiled "target/android/not-used.js" in 0.43 seconds.[0m
[0mCompiling "target/android/not-used.js" from ["src" "env/dev"]...
notifying browser that file changed:  out/me_time/views/react_native/task.js
[32mSuccessfully compiled "target/android/not-used.js" in 0.451 seconds.[0m
[0mCompiling "target/android/not-used.js" from ["src" "env/dev"]...
notifying browser that file changed:  out/me_time/views/react_native/timer.js
[32mSuccessfully compiled "target/android/not-used.js" in 0.475 seconds.[0m
[0mCompiling "target/android/not-used.js" from ["src" "env/dev"]...
notifying browser that file changed:  out/me_time/views/react_native/task_list.js
[32mSuccessfully compiled "target/android/not-used.js" in 0.465 seconds.[0m
[0mCompiling "target/android/not-used.js" from ["src" "env/dev"]...
notifying browser that file changed:  out/me_time/views/react_native/task_list.js
[32mSuccessfully compiled "target/android/not-used.js" in 0.485 seconds.[0m
[0mCompiling "target/android/not-used.js" from ["src" "env/dev"]...
notifying browser that file changed:  out/me_time/views/react_native/task_list.js
[32mSuccessfully compiled "target/android/not-used.js" in 0.484 seconds.[0m
[0mCompiling "target/android/not-used.js" from ["src" "env/dev"]...
notifying browser that file changed:  out/me_time/views/react_native/task.js
[32mSuccessfully compiled "target/android/not-used.js" in 0.503 seconds.[0m
[0mCompiling "target/android/not-used.js" from ["src" "env/dev"]...
notifying browser that file changed:  out/me_time/views/react_native/task_list.js
[32mSuccessfully compiled "target/android/not-used.js" in 0.555 seconds.[0m
